This is pdfTeX, Version 3.1415926-2.5-1.40.14 (TeX Live 2013/Debian) (format=pdflatex 2014.4.9)  25 APR 2014 13:16
entering extended mode
 restricted \write18 enabled.
 %&-line parsing enabled.
**paper
(./paper.tex
LaTeX2e <2011/06/27>
Babel <3.9f> and hyphenation patterns for 2 languages loaded.
(/usr/share/texlive/texmf-dist/tex/latex/base/article.cls
Document Class: article 2007/10/19 v1.4h Standard LaTeX document class
(/usr/share/texlive/texmf-dist/tex/latex/base/size11.clo
File: size11.clo 2007/10/19 v1.4h Standard LaTeX file (size option)
)
\c@part=\count79
\c@section=\count80
\c@subsection=\count81
\c@subsubsection=\count82
\c@paragraph=\count83
\c@subparagraph=\count84
\c@figure=\count85
\c@table=\count86
\abovecaptionskip=\skip41
\belowcaptionskip=\skip42
\bibindent=\dimen102
)
(/usr/share/texlive/texmf-dist/tex/latex/tools/enumerate.sty
Package: enumerate 1999/03/05 v3.00 enumerate extensions (DPC)
\@enLab=\toks14
)
(/usr/share/texlive/texmf-dist/tex/latex/hyperref/hyperref.sty
Package: hyperref 2012/11/06 v6.83m Hypertext links for LaTeX

(/usr/share/texlive/texmf-dist/tex/generic/oberdiek/hobsub-hyperref.sty
Package: hobsub-hyperref 2012/05/28 v1.13 Bundle oberdiek, subset hyperref (HO)


(/usr/share/texlive/texmf-dist/tex/generic/oberdiek/hobsub-generic.sty
Package: hobsub-generic 2012/05/28 v1.13 Bundle oberdiek, subset generic (HO)
Package: hobsub 2012/05/28 v1.13 Construct package bundles (HO)
Package: infwarerr 2010/04/08 v1.3 Providing info/warning/error messages (HO)
Package: ltxcmds 2011/11/09 v1.22 LaTeX kernel commands for general use (HO)
Package: ifluatex 2010/03/01 v1.3 Provides the ifluatex switch (HO)
Package ifluatex Info: LuaTeX not detected.
Package: ifvtex 2010/03/01 v1.5 Detect VTeX and its facilities (HO)
Package ifvtex Info: VTeX not detected.
Package: intcalc 2007/09/27 v1.1 Expandable calculations with integers (HO)
Package: ifpdf 2011/01/30 v2.3 Provides the ifpdf switch (HO)
Package ifpdf Info: pdfTeX in PDF mode is detected.
Package: etexcmds 2011/02/16 v1.5 Avoid name clashes with e-TeX commands (HO)
Package etexcmds Info: Could not find \expanded.
(etexcmds)             That can mean that you are not using pdfTeX 1.50 or
(etexcmds)             that some package has redefined \expanded.
(etexcmds)             In the latter case, load this package earlier.
Package: kvsetkeys 2012/04/25 v1.16 Key value parser (HO)
Package: kvdefinekeys 2011/04/07 v1.3 Define keys (HO)
Package: pdftexcmds 2011/11/29 v0.20 Utility functions of pdfTeX for LuaTeX (HO
)
Package pdftexcmds Info: LuaTeX not detected.
Package pdftexcmds Info: \pdf@primitive is available.
Package pdftexcmds Info: \pdf@ifprimitive is available.
Package pdftexcmds Info: \pdfdraftmode found.
Package: pdfescape 2011/11/25 v1.13 Implements pdfTeX's escape features (HO)
Package: bigintcalc 2012/04/08 v1.3 Expandable calculations on big integers (HO
)
Package: bitset 2011/01/30 v1.1 Handle bit-vector datatype (HO)
Package: uniquecounter 2011/01/30 v1.2 Provide unlimited unique counter (HO)
)
Package hobsub Info: Skipping package `hobsub' (already loaded).
Package: letltxmacro 2010/09/02 v1.4 Let assignment for LaTeX macros (HO)
Package: hopatch 2012/05/28 v1.2 Wrapper for package hooks (HO)
Package: xcolor-patch 2011/01/30 xcolor patch
Package: atveryend 2011/06/30 v1.8 Hooks at the very end of document (HO)
Package atveryend Info: \enddocument detected (standard20110627).
Package: atbegshi 2011/10/05 v1.16 At begin shipout hook (HO)
Package: refcount 2011/10/16 v3.4 Data extraction from label references (HO)
Package: hycolor 2011/01/30 v1.7 Color options for hyperref/bookmark (HO)
)
(/usr/share/texlive/texmf-dist/tex/latex/graphics/keyval.sty
Package: keyval 1999/03/16 v1.13 key=value parser (DPC)
\KV@toks@=\toks15
)
(/usr/share/texlive/texmf-dist/tex/generic/ifxetex/ifxetex.sty
Package: ifxetex 2010/09/12 v0.6 Provides ifxetex conditional
)
(/usr/share/texlive/texmf-dist/tex/latex/oberdiek/auxhook.sty
Package: auxhook 2011/03/04 v1.3 Hooks for auxiliary files (HO)
)
(/usr/share/texlive/texmf-dist/tex/latex/oberdiek/kvoptions.sty
Package: kvoptions 2011/06/30 v3.11 Key value format for package options (HO)
)
\@linkdim=\dimen103
\Hy@linkcounter=\count87
\Hy@pagecounter=\count88

(/usr/share/texlive/texmf-dist/tex/latex/hyperref/pd1enc.def
File: pd1enc.def 2012/11/06 v6.83m Hyperref: PDFDocEncoding definition (HO)
)
\Hy@SavedSpaceFactor=\count89

(/usr/share/texlive/texmf-dist/tex/latex/latexconfig/hyperref.cfg
File: hyperref.cfg 2002/06/06 v1.2 hyperref configuration of TeXLive
)
Package hyperref Info: Hyper figures OFF on input line 4443.
Package hyperref Info: Link nesting OFF on input line 4448.
Package hyperref Info: Hyper index ON on input line 4451.
Package hyperref Info: Plain pages OFF on input line 4458.
Package hyperref Info: Backreferencing OFF on input line 4463.
Package hyperref Info: Implicit mode ON; LaTeX internals redefined.
Package hyperref Info: Bookmarks ON on input line 4688.
\c@Hy@tempcnt=\count90

(/usr/share/texlive/texmf-dist/tex/latex/url/url.sty
\Urlmuskip=\muskip10
Package: url 2006/04/12  ver 3.3  Verb mode for urls, etc.
)
LaTeX Info: Redefining \url on input line 5041.
\XeTeXLinkMargin=\dimen104
\Fld@menulength=\count91
\Field@Width=\dimen105
\Fld@charsize=\dimen106
Package hyperref Info: Hyper figures OFF on input line 6295.
Package hyperref Info: Link nesting OFF on input line 6300.
Package hyperref Info: Hyper index ON on input line 6303.
Package hyperref Info: backreferencing OFF on input line 6310.
Package hyperref Info: Link coloring OFF on input line 6315.
Package hyperref Info: Link coloring with OCG OFF on input line 6320.
Package hyperref Info: PDF/A mode OFF on input line 6325.
LaTeX Info: Redefining \ref on input line 6365.
LaTeX Info: Redefining \pageref on input line 6369.
\Hy@abspage=\count92
\c@Item=\count93
\c@Hfootnote=\count94
)

Package hyperref Message: Driver (autodetected): hpdftex.

(/usr/share/texlive/texmf-dist/tex/latex/hyperref/hpdftex.def
File: hpdftex.def 2012/11/06 v6.83m Hyperref driver for pdfTeX
\Fld@listcount=\count95
\c@bookmark@seq@number=\count96

(/usr/share/texlive/texmf-dist/tex/latex/oberdiek/rerunfilecheck.sty
Package: rerunfilecheck 2011/04/15 v1.7 Rerun checks for auxiliary files (HO)
Package uniquecounter Info: New unique counter `rerunfilecheck' on input line 2
82.
)
\Hy@SectionHShift=\skip43
)
(/usr/share/texlive/texmf-dist/tex/latex/graphics/graphicx.sty
Package: graphicx 1999/02/16 v1.0f Enhanced LaTeX Graphics (DPC,SPQR)

(/usr/share/texlive/texmf-dist/tex/latex/graphics/graphics.sty
Package: graphics 2009/02/05 v1.0o Standard LaTeX Graphics (DPC,SPQR)

(/usr/share/texlive/texmf-dist/tex/latex/graphics/trig.sty
Package: trig 1999/03/16 v1.09 sin cos tan (DPC)
)
(/usr/share/texlive/texmf-dist/tex/latex/latexconfig/graphics.cfg
File: graphics.cfg 2010/04/23 v1.9 graphics configuration of TeX Live
)
Package graphics Info: Driver file: pdftex.def on input line 91.

(/usr/share/texlive/texmf-dist/tex/latex/pdftex-def/pdftex.def
File: pdftex.def 2011/05/27 v0.06d Graphics/color for pdfTeX
\Gread@gobject=\count97
))
\Gin@req@height=\dimen107
\Gin@req@width=\dimen108
)
(/usr/share/texlive/texmf-dist/tex/latex/float/float.sty
Package: float 2001/11/08 v1.3d Float enhancements (AL)
\c@float@type=\count98
\float@exts=\toks16
\float@box=\box26
\@float@everytoks=\toks17
\@floatcapt=\box27
)
(/usr/share/texlive/texmf-dist/tex/latex/placeins/placeins.sty
Package: placeins 2005/04/18  v 2.2
) (./paper.aux)
\openout1 = `paper.aux'.

LaTeX Font Info:    Checking defaults for OML/cmm/m/it on input line 19.
LaTeX Font Info:    ... okay on input line 19.
LaTeX Font Info:    Checking defaults for T1/cmr/m/n on input line 19.
LaTeX Font Info:    ... okay on input line 19.
LaTeX Font Info:    Checking defaults for OT1/cmr/m/n on input line 19.
LaTeX Font Info:    ... okay on input line 19.
LaTeX Font Info:    Checking defaults for OMS/cmsy/m/n on input line 19.
LaTeX Font Info:    ... okay on input line 19.
LaTeX Font Info:    Checking defaults for OMX/cmex/m/n on input line 19.
LaTeX Font Info:    ... okay on input line 19.
LaTeX Font Info:    Checking defaults for U/cmr/m/n on input line 19.
LaTeX Font Info:    ... okay on input line 19.
LaTeX Font Info:    Checking defaults for PD1/pdf/m/n on input line 19.
LaTeX Font Info:    ... okay on input line 19.
\AtBeginShipoutBox=\box28
Package hyperref Info: Link coloring OFF on input line 19.

(/usr/share/texlive/texmf-dist/tex/latex/hyperref/nameref.sty
Package: nameref 2012/10/27 v2.43 Cross-referencing by name of section

(/usr/share/texlive/texmf-dist/tex/generic/oberdiek/gettitlestring.sty
Package: gettitlestring 2010/12/03 v1.4 Cleanup title references (HO)
)
\c@section@level=\count99
)
LaTeX Info: Redefining \ref on input line 19.
LaTeX Info: Redefining \pageref on input line 19.
LaTeX Info: Redefining \nameref on input line 19.

(./paper.out) (./paper.out)
\@outlinefile=\write3
\openout3 = `paper.out'.


(/usr/share/texlive/texmf-dist/tex/context/base/supp-pdf.mkii
[Loading MPS to PDF converter (version 2006.09.02).]
\scratchcounter=\count100
\scratchdimen=\dimen109
\scratchbox=\box29
\nofMPsegments=\count101
\nofMParguments=\count102
\everyMPshowfont=\toks18
\MPscratchCnt=\count103
\MPscratchDim=\dimen110
\MPnumerator=\count104
\makeMPintoPDFobject=\count105
\everyMPtoPDFconversion=\toks19
) (/usr/share/texlive/texmf-dist/tex/latex/oberdiek/epstopdf-base.sty
Package: epstopdf-base 2010/02/09 v2.5 Base part for package epstopdf

(/usr/share/texlive/texmf-dist/tex/latex/oberdiek/grfext.sty
Package: grfext 2010/08/19 v1.1 Manage graphics extensions (HO)
)
Package grfext Info: Graphics extension search list:
(grfext)             [.png,.pdf,.jpg,.mps,.jpeg,.jbig2,.jb2,.PNG,.PDF,.JPG,.JPE
G,.JBIG2,.JB2,.eps]
(grfext)             \AppendGraphicsExtensions on input line 452.

(/usr/share/texlive/texmf-dist/tex/latex/latexconfig/epstopdf-sys.cfg
File: epstopdf-sys.cfg 2010/07/13 v1.3 Configuration of (r)epstopdf for TeX Liv
e
))
LaTeX Font Info:    External font `cmex10' loaded for size
(Font)              <12> on input line 22.
LaTeX Font Info:    External font `cmex10' loaded for size
(Font)              <8> on input line 22.
LaTeX Font Info:    External font `cmex10' loaded for size
(Font)              <6> on input line 22.

! Extra alignment tab has been changed to \cr.
<recently read> \endtemplate 
                             
l.22 
     
? 
[1

{/var/lib/texmf/fonts/map/pdftex/updmap/pdftex.map}]
! Undefined control sequence.
<recently read> \itemit 
                        
l.46 \item \itemit
                  {Burst Size}: This is defined as number of packets which a...

? 
! Undefined control sequence.
<recently read> \itemit 
                        
l.47 \item \itemit
                  {Packet Size}: This is defined as the number of bytes per ...

? 
! Undefined control sequence.
<recently read> \itemit 
                        
l.48 \item \itemit
                  {Reciever Size}: This is defined as the number of reciever...

? 
! Undefined control sequence.
l.50 ...icast packet which has a header of \itemit
                                                  {12} bytes in size without...

? 
[2]
Missing character: There is no â in font cmr10!
Missing character: There is no € in font cmr10!
Missing character: There is no “ in font cmr10!

! Undefined control sequence.
<recently read> \itemit 
                        
l.54 \item \itemit
                  {Shell scripts} : To evaluate missing sequence numbers bas...

? 
! Undefined control sequence.
<recently read> \itemit 
                        
l.55 \item \itemit
                  {Gnuplot scripts} : Takes the sequence number of lost pack...

? 
! Undefined control sequence.
<recently read> \itemit 
                        
l.56 \item \itemit
                  {TCL scripts} : To enable workflow deterministic control w...

? 
! Misplaced alignment tab character &.
l.61 ...mplete our analysis.{Need to add diagram &
                                                   Code Snippet}
? 
[3]
! Undefined control sequence.
<recently read> \itemit 
                        
l.68 \item \itemit
                  {Experiment Network} : We deployed the application to crea...

? 
! Undefined control sequence.
<recently read> \itemit 
                        
l.69 \item \itemit
                  {Control Network} : We deployed the application to create ...

? 
<images/Fig1.png, id=85, 501.875pt x 351.3125pt>
File: images/Fig1.png Graphic file (type png)
 <use images/Fig1.png>
Package pdftex.def Info: images/Fig1.png used on input line 77.
(pdftex.def)             Requested size: 288.0011pt x 201.61179pt.
 [4]
<images/Fig2.png, id=92, 501.875pt x 351.3125pt>
File: images/Fig2.png Graphic file (type png)
 <use images/Fig2.png>
Package pdftex.def Info: images/Fig2.png used on input line 83.
(pdftex.def)             Requested size: 288.0011pt x 201.61179pt.

<images/Fig3.png, id=93, 501.875pt x 351.3125pt>
File: images/Fig3.png Graphic file (type png)
 <use images/Fig3.png>
Package pdftex.def Info: images/Fig3.png used on input line 89.
(pdftex.def)             Requested size: 288.0011pt x 201.61179pt.
 [5pdfTeX warning (ext4): destination with the same identifier (name{figure.1})
 has been already used, duplicate ignored

\AtBegShi@Output ...ipout \box \AtBeginShipoutBox 
                                                  \fi \fi 
l.92 \FloatBarrier
                  pdfTeX warning (ext4): destination with the same identifier (
name{figure.2}) has been already used, duplicate ignored

\AtBegShi@Output ...ipout \box \AtBeginShipoutBox 
                                                  \fi \fi 
l.92 \FloatBarrier
                   <./images/Fig1.png> <./images/Fig2.png>]
<images/Fig4.png, id=100, 501.875pt x 351.3125pt>
File: images/Fig4.png Graphic file (type png)
 <use images/Fig4.png>
Package pdftex.def Info: images/Fig4.png used on input line 95.
(pdftex.def)             Requested size: 288.0011pt x 201.61179pt.

[6pdfTeX warning (ext4): destination with the same identifier (name{figure.3}) 
has been already used, duplicate ignored

\AtBegShi@Output ...ipout \box \AtBeginShipoutBox 
                                                  \fi \fi 
l.100 \subsection
                 {Burst Size}pdfTeX warning (ext4): destination with the same i
dentifier (name{figure.4}) has been already used, duplicate ignored

\AtBegShi@Output ...ipout \box \AtBeginShipoutBox 
                                                  \fi \fi 
l.100 \subsection
                 {Burst Size} <./images/Fig3.png> <./images/Fig4.png>]
<images/seq50.png, id=107, 481.8pt x 361.35pt>
File: images/seq50.png Graphic file (type png)
 <use images/seq50.png>
Package pdftex.def Info: images/seq50.png used on input line 104.
(pdftex.def)             Requested size: 288.0011pt x 216.00667pt.

<images/seq100.png, id=108, 481.8pt x 361.35pt>
File: images/seq100.png Graphic file (type png)
 <use images/seq100.png>
Package pdftex.def Info: images/seq100.png used on input line 110.
(pdftex.def)             Requested size: 288.0011pt x 216.00667pt.

[7pdfTeX warning (ext4): destination with the same identifier (name{figure.5}) 
has been already used, duplicate ignored

\AtBegShi@Output ...ipout \box \AtBeginShipoutBox 
                                                  \fi \fi 
l.113 \FloatBarrier
                    <./images/seq50.png>]
<images/seq500.png, id=116, 481.8pt x 361.35pt>
File: images/seq500.png Graphic file (type png)
 <use images/seq500.png>
Package pdftex.def Info: images/seq500.png used on input line 116.
(pdftex.def)             Requested size: 288.0011pt x 216.00667pt.

[8pdfTeX warning (ext4): destination with the same identifier (name{figure.6}) 
has been already used, duplicate ignored

\AtBegShi@Output ...ipout \box \AtBeginShipoutBox 
                                                  \fi \fi 
l.119 \FloatBarrier
                   pdfTeX warning (ext4): destination with the same identifier 
(name{figure.7}) has been already used, duplicate ignored

\AtBegShi@Output ...ipout \box \AtBeginShipoutBox 
                                                  \fi \fi 
l.119 \FloatBarrier
                    <./images/seq100.png> <./images/seq500.png>]
<images/seq1000.png, id=125, 481.8pt x 361.35pt>
File: images/seq1000.png Graphic file (type png)
 <use images/seq1000.png>
Package pdftex.def Info: images/seq1000.png used on input line 123.
(pdftex.def)             Requested size: 288.0011pt x 216.00667pt.

<images/seq1200.png, id=126, 481.8pt x 361.35pt>
File: images/seq1200.png Graphic file (type png)
 <use images/seq1200.png>
Package pdftex.def Info: images/seq1200.png used on input line 129.
(pdftex.def)             Requested size: 288.0011pt x 216.00667pt.

[9

pdfTeX warning (ext4): destination with the same identifier (name{figure.8}) ha
s been already used, duplicate ignored

\AtBegShi@Output ...ipout \box \AtBeginShipoutBox 
                                                  \fi \fi 
l.132 \FloatBarrier
                    <./images/seq1000.png>]
<images/control.png, id=133, 642.4pt x 481.8pt>
File: images/control.png Graphic file (type png)
 <use images/control.png>
Package pdftex.def Info: images/control.png used on input line 136.
(pdftex.def)             Requested size: 288.0011pt x 216.00665pt.

[10pdfTeX warning (ext4): destination with the same identifier (name{figure.9})
 has been already used, duplicate ignored

\AtBegShi@Output ...ipout \box \AtBeginShipoutBox 
                                                  \fi \fi 
l.139 \FloatBarrier
                    <./images/seq1200.png>]
<images/exp.png, id=140, 642.4pt x 481.8pt>
File: images/exp.png Graphic file (type png)
 <use images/exp.png>
Package pdftex.def Info: images/exp.png used on input line 142.
(pdftex.def)             Requested size: 288.0011pt x 216.00665pt.

<images/Recv21.png, id=141, 481.8pt x 361.35pt>
File: images/Recv21.png Graphic file (type png)
 <use images/Recv21.png>
Package pdftex.def Info: images/Recv21.png used on input line 151.
(pdftex.def)             Requested size: 288.0011pt x 216.00667pt.

[11pdfTeX warning (ext4): destination with the same identifier (name{figure.10}
) has been already used, duplicate ignored

\AtBegShi@Output ...ipout \box \AtBeginShipoutBox 
                                                  \fi \fi 
l.154 \FloatBarrier
                   pdfTeX warning (ext4): destination with the same identifier 
(name{figure.11}) has been already used, duplicate ignored

\AtBegShi@Output ...ipout \box \AtBeginShipoutBox 
                                                  \fi \fi 
l.154 \FloatBarrier
                    <./images/control.png> <./images/exp.png>]
<images/Recv23.png, id=150, 481.8pt x 361.35pt>
File: images/Recv23.png Graphic file (type png)
 <use images/Recv23.png>
Package pdftex.def Info: images/Recv23.png used on input line 157.
(pdftex.def)             Requested size: 288.0011pt x 216.00667pt.

[12pdfTeX warning (ext4): destination with the same identifier (name{figure.12}
) has been already used, duplicate ignored

\AtBegShi@Output ...ipout \box \AtBeginShipoutBox 
                                                  \fi \fi 
l.160 \FloatBarrier
                    <./images/Recv21.png>]
<images/3Demulab.png, id=157, 642.4pt x 481.8pt>
File: images/3Demulab.png Graphic file (type png)
 <use images/3Demulab.png>
Package pdftex.def Info: images/3Demulab.png used on input line 166.
(pdftex.def)             Requested size: 288.0011pt x 216.00665pt.

[13pdfTeX warning (ext4): destination with the same identifier (name{figure.13}
) has been already used, duplicate ignored

\AtBegShi@Output ...ipout \box \AtBeginShipoutBox 
                                                  \fi \fi 
l.169 \FloatBarrier
                    <./images/Recv23.png>]
<images/3Demulab2.png, id=166, 642.4pt x 481.8pt>
File: images/3Demulab2.png Graphic file (type png)
 <use images/3Demulab2.png>
Package pdftex.def Info: images/3Demulab2.png used on input line 172.
(pdftex.def)             Requested size: 288.0011pt x 216.00665pt.

<images/EM.png, id=167, 501.875pt x 351.3125pt>
File: images/EM.png Graphic file (type png)
 <use images/EM.png>
Package pdftex.def Info: images/EM.png used on input line 178.
(pdftex.def)             Requested size: 288.0011pt x 201.61179pt.
 [14pdfTeX warning (ext4): destination with the same identifier (name{figure.14
}) has been already used, duplicate ignored

\AtBegShi@Output ...ipout \box \AtBeginShipoutBox 
                                                  \fi \fi 
l.181 \FloatBarrier
                   pdfTeX warning (ext4): destination with the same identifier 
(name{figure.15}) has been already used, duplicate ignored

\AtBegShi@Output ...ipout \box \AtBeginShipoutBox 
                                                  \fi \fi 
l.181 \FloatBarrier
                    <./images/3Demulab.png> <./images/3Demulab2.png>] [15pdfTeX
 warning (ext4): destination with the same identifier (name{figure.16}) has bee
n already used, duplicate ignored

\AtBegShi@Output ...ipout \box \AtBeginShipoutBox 
                                                  \fi \fi 
l.190 \item U
             nderstanding the node types used in our experiment and showcasi...
 <./images/EM.png>]
Missing character: There is no â in font cmr10!
Missing character: There is no € in font cmr10!
Missing character: There is no ‹ in font cmr10!
 (./paper.bbl
LaTeX Font Info:    External font `cmex10' loaded for size
(Font)              <10.95> on input line 5.

Underfull \hbox (badness 2875) in paragraph at lines 27--29
[]\OT1/cmr/m/n/10.95 Pragmatic gen-eral mul-ti-cast.  []$\OT1/cmtt/m/n/10.95 ht
tp : / / en . wikipedia . org / wiki /
 []


Underfull \hbox (badness 7168) in paragraph at lines 31--33
[]\OT1/cmr/m/n/10.95 Scalable re-li-able mul-ti-cast.  []$\OT1/cmtt/m/n/10.95 h
ttp : / / en . wikipedia . org / wiki /
 []

)
Package atveryend Info: Empty hook `BeforeClearDocument' on input line 201.
 [16]
Package atveryend Info: Empty hook `AfterLastShipout' on input line 201.
 (./paper.aux)
Package atveryend Info: Executing hook `AtVeryEndDocument' on input line 201.
Package atveryend Info: Executing hook `AtEndAfterFileList' on input line 201.
Package rerunfilecheck Info: File `paper.out' has not changed.
(rerunfilecheck)             Checksum: B563F6AC55A1BD68F258C9C0B49C6E92;430.
Package atveryend Info: Empty hook `AtVeryVeryEnd' on input line 201.
 ) 
Here is how much of TeX's memory you used:
 5319 strings out of 495031
 78714 string characters out of 6181532
 155800 words of memory out of 5000000
 8422 multiletter control sequences out of 15000+600000
 9017 words of font info for 32 fonts, out of 8000000 for 9000
 14 hyphenation exceptions out of 8191
 29i,6n,28p,1085b,398s stack positions out of 5000i,500n,10000p,200000b,80000s
</usr/share/texlive/texmf-dist/fonts/type1/public/amsfonts/cm/cmbx12.pfb></us
r/share/texlive/texmf-dist/fonts/type1/public/amsfonts/cm/cmr10.pfb></usr/share
/texlive/texmf-dist/fonts/type1/public/amsfonts/cm/cmr12.pfb></usr/share/texliv
e/texmf-dist/fonts/type1/public/amsfonts/cm/cmr17.pfb></usr/share/texlive/texmf
-dist/fonts/type1/public/amsfonts/cm/cmti10.pfb></usr/share/texlive/texmf-dist/
fonts/type1/public/amsfonts/cm/cmtt10.pfb>
Output written on paper.pdf (16 pages, 238893 bytes).
PDF statistics:
 241 PDF objects out of 1000 (max. 8388607)
 188 compressed objects within 2 object streams
 65 named destinations out of 1000 (max. 500000)
 145 words of extra memory for PDF output out of 10000 (max. 10000000)

